[2026-03-20 11:52:16] Checking 1 product(s)...
[2026-03-20 11:52:16]   Checking: Crucial RAM 8GB DDR4 3200MHz CL22 (or 2933MHz or 2666MHz) Laptop Memor
[2026-03-20 11:52:17]     Current: ₹6,299  |  Target: ₹9,000
[2026-03-20 11:52:17]     ✅ BELOW TARGET! Sending alert…
[2026-03-20 11:52:18]   [email] Alert sent to anirudhdabral18@gmail.com
[2026-03-20 11:53:34] Checking 1 product(s)...
[2026-03-20 11:53:34]   Checking: Crucial RAM 8GB DDR4 3200MHz CL22 (or 2933MHz or 2666MHz) Laptop Memor
[2026-03-20 11:53:35]   [warn] Could not parse price for: Unknown Product
[2026-03-20 11:53:35]     Price unavailable (page may have changed).
[2026-03-20 11:54:24] Checking 1 product(s)...
[2026-03-20 11:54:24]   Checking: Crucial RAM 8GB DDR4 3200MHz CL22 (or 2933MHz or 2666MHz) Laptop Memor
[2026-03-20 11:54:25]     Current: ₹6,299  |  Target: ₹9,000
[2026-03-20 11:54:25]     ✅ BELOW TARGET! Sending alert…
[2026-03-20 11:54:26]   [email] Alert sent to anirudhdabral18@gmail.com
[2026-03-20 11:58:57] Checking 1 product(s)...
[2026-03-20 11:58:57]   Checking: Crucial RAM 8GB DDR4 3200MHz CL22 (or 2933MHz or 2666MHz) Laptop Memor
[2026-03-20 11:58:58]   [warn] Could not parse price for: Unknown Product
[2026-03-20 11:58:58]     Price unavailable (page may have changed).
[2026-03-20 12:04:06] Checking 1 product(s)…
[2026-03-20 12:04:06]   → Crucial RAM 8GB DDR4 3200MHz CL22 (or 2933MHz or 2666MHz) Laptop Memor
[2026-03-20 12:04:06]   [warn] Attempt 1/3 — price not found on page (title: Unknown Product). Retrying…
[2026-03-20 12:04:13]     Current: ₹6,299  |  Target: ₹9,000  |  Last alerted at: never
[2026-03-20 12:04:13]     ✅ Price at/below target — sending alert…
[2026-03-20 12:04:14]   [email] ✅ Alert sent to anirudhdabral18@gmail.com
[2026-03-20 12:05:52] Checking 1 product(s)…
[2026-03-20 12:05:52]   → Crucial RAM 8GB DDR4 3200MHz CL22 (or 2933MHz or 2666MHz) Laptop Memor
[2026-03-20 12:05:52]   [warn] Attempt 1/3 — price not found on page (title: Unknown Product). Retrying…
[2026-03-20 12:05:57]   [warn] Attempt 2/3 — price not found on page (title: Unknown Product). Retrying…
[2026-03-20 12:06:08]   [warn] Attempt 3/3 — price not found on page (title: Unknown Product). Retrying…
[2026-03-20 12:06:23]   [error] All 3 attempts failed for: https://www.amazon.in/Crucial-3200MHz-2933MHz-2666MHz-CT8G4SFRA32A/dp/B08C4Z69LN
[2026-03-20 12:06:23]     Skipping — could not fetch price after retries.
[2026-03-20 12:08:30] Checking 1 product(s)…
[2026-03-20 12:08:30]   → Crucial RAM 8GB DDR4 3200MHz CL22 (or 2933MHz or 2666MHz) Laptop Memor
[2026-03-20 12:08:30]   [warn] Attempt 1/3 — price not found on page (title: Unknown Product). Retrying…
[2026-03-20 12:08:36]   [warn] Attempt 2/3 — price not found on page (title: Unknown Product). Retrying…
[2026-03-20 12:08:46]   [warn] Attempt 3/3 — price not found on page (title: Unknown Product). Retrying…
[2026-03-20 12:09:01]   [error] All 3 attempts failed for: https://www.amazon.in/Crucial-3200MHz-2933MHz-2666MHz-CT8G4SFRA32A/dp/B08C4Z69LN
[2026-03-20 12:09:01]     Skipping — could not fetch price after retries.
